Loading src/vrp-package.lisp...
Loading src/vrp-utilities.lisp...
Loading src/vrp-random-number-generation.lisp...
Loading src/vrp-generic-functions.lisp...
Loading src/vrp-unit-testing.lisp...
Loading src/vrp-class-definition-macro.lisp...
Loading src/vrp-classes.lisp...
Loading src/vrp-moments.lisp...
Loading src/vrp-data.lisp...
Loading src/vrp-neighborhood-exploration-macros.lisp...
Loading src/vrp-neighborhood-simulation.lisp...
Loading src/vrp-neighborhood-operations.lisp...
Loading src/vrp-delta-cost.lisp...
Loading src/vrp-search-strategies.lisp...
Loading src/vrp-criteria.lisp...
Loading src/vrp-algorithms.lisp...

; file: /home/olivia3/Proyectos Uni/vrp/src/vrp-algorithms.lisp
; in: DEFUN VNS-SHAKE
;     (VRP::NEIGHBOORHOODS-USED-IN-VNS 0)
; 
; caught STYLE-WARNING:
;   The variable NEIGHBOORHOODS-USED-IN-VNS is assigned but never read.

;     (VRP::OPTIMUM-FOUND-IN-VNS NIL)
; 
; caught STYLE-WARNING:
;   The variable OPTIMUM-FOUND-IN-VNS is assigned but never read.
; 
; compilation unit finished
;   caught 2 STYLE-WARNING conditions

; file: /home/olivia3/Proyectos Uni/vrp/src/vrp-algorithms.lisp
; in: DEFUN VNS-SHAKE-SMART
;     (VRP::NEIGHBOORHOODS-USED-IN-VNS 0)
; 
; caught STYLE-WARNING:
;   The variable NEIGHBOORHOODS-USED-IN-VNS is assigned but never read.

;     (VRP::OPTIMUM-FOUND-IN-VNS NIL)
; 
; caught STYLE-WARNING:
;   The variable OPTIMUM-FOUND-IN-VNS is assigned but never read.
; 
; compilation unit finished
;   caught 2 STYLE-WARNING conditions

; file: /home/olivia3/Proyectos Uni/vrp/src/vrp-algorithms.lisp
; in: DEFUN VNS-SHAKE-SMART-NO-OUTPUT
;     (VRP::NEIGHBOORHOODS-USED-IN-VNS 0)
; 
; caught STYLE-WARNING:
;   The variable NEIGHBOORHOODS-USED-IN-VNS is assigned but never read.

;     (VRP::OPTIMUM-FOUND-IN-VNS NIL)
; 
; caught STYLE-WARNING:
;   The variable OPTIMUM-FOUND-IN-VNS is assigned but never read.
; 
; compilation unit finished
;   caught 2 STYLE-WARNING conditions
Loading src/vrp-initial-routes.lisp...
Loading data/vrp-data-a-n32-k5.lisp...
Loading data/vrp-data-a-n33-k5.lisp...
Loading data/vrp-data-a-n33-k6.lisp...
Loading data/vrp-data-a-n37-k5.lisp...
Loading data/vrp-data-a-n65-k9.lisp...
Loading data/vrp-data-a-n80-k10.lisp...
Loading data/vrp-data-f-n135-k7.lisp...

LOAD-OK
